# JRE version: OpenJDK Runtime Environment (8.0_292-b10) (build 1.8.0_292-b10)
# Java VM: OpenJDK 64-Bit Server VM (25.292-b10 mixed mode linux-amd64 compressed oops)
Heap:
 PSYoungGen      total 128000K, used 75067K [0x00000000d8300000, 0x00000000e4980000, 0x0000000100000000)
  eden space 122880K, 61% used [0x00000000d8300000,0x00000000dcc4eef0,0x00000000dfb00000)
  from space 5120K, 0% used [0x00000000dfb00000,0x00000000dfb00000,0x00000000e0000000)
  to   space 9728K, 0% used [0x00000000e4000000,0x00000000e4000000,0x00000000e4980000)
 ParOldGen       total 65024K, used 8542K [0x0000000088800000, 0x000000008c780000, 0x00000000d8300000)
  object space 65024K, 13% used [0x0000000088800000,0x00000000890579f0,0x000000008c780000)
 Metaspace       used 40431K, capacity 45634K, committed 45952K, reserved 1089536K
  class space    used 5708K, capacity 6169K, committed 6272K, reserved 1048576K
GC Heap History (10 events):
Event: 1.504 GC heap before
{Heap before GC invocations=3 (full 0):
 PSYoungGen      total 66560K, used 18151K [0x00000000d8300000, 0x00000000dc900000, 0x0000000100000000)
  eden space 61440K, 21% used [0x00000000d8300000,0x00000000d8fbb0e0,0x00000000dbf00000)
  from space 5120K, 99% used [0x00000000dc400000,0x00000000dc8fed18,0x00000000dc900000)
  to   space 5120K, 0% used [0x00000000dbf00000,0x00000000dbf00000,0x00000000dc400000)
 ParOldGen       total 81920K, used 3806K [0x0000000088800000, 0x000000008d800000, 0x00000000d8300000)
  object space 81920K, 4% used [0x0000000088800000,0x0000000088bb79e8,0x000000008d800000)
 Metaspace       used 19651K, capacity 21232K, committed 21296K, reserved 1067008K
  class space    used 2713K, capacity 2890K, committed 2944K, reserved 1048576K
Event: 1.515 GC heap after
Heap after GC invocations=3 (full 0):
 PSYoungGen      total 66560K, used 5105K [0x00000000d8300000, 0x00000000e0500000, 0x0000000100000000)
  eden space 61440K, 0% used [0x00000000d8300000,0x00000000d8300000,0x00000000dbf00000)
  from space 5120K, 99% used [0x00000000dbf00000,0x00000000dc3fc540,0x00000000dc400000)
  to   space 5120K, 0% used [0x00000000e0000000,0x00000000e0000000,0x00000000e0500000)
 ParOldGen       total 81920K, used 4502K [0x0000000088800000, 0x000000008d800000, 0x00000000d8300000)
  object space 81920K, 5% used [0x0000000088800000,0x0000000088c65a60,0x000000008d800000)
 Metaspace       used 19651K, capacity 21232K, committed 21296K, reserved 1067008K
  class space    used 2713K, capacity 2890K, committed 2944K, reserved 1048576K
}
Event: 1.515 GC heap before
{Heap before GC invocations=4 (full 1):
 PSYoungGen      total 66560K, used 5105K [0x00000000d8300000, 0x00000000e0500000, 0x0000000100000000)
  eden space 61440K, 0% used [0x00000000d8300000,0x00000000d8300000,0x00000000dbf00000)
  from space 5120K, 99% used [0x00000000dbf00000,0x00000000dc3fc540,0x00000000dc400000)
  to   space 5120K, 0% used [0x00000000e0000000,0x00000000e0000000,0x00000000e0500000)
 ParOldGen       total 81920K, used 4502K [0x0000000088800000, 0x000000008d800000, 0x00000000d8300000)
  object space 81920K, 5% used [0x0000000088800000,0x0000000088c65a60,0x000000008d800000)
 Metaspace       used 19651K, capacity 21232K, committed 21296K, reserved 1067008K
  class space    used 2713K, capacity 2890K, committed 2944K, reserved 1048576K
Event: 1.533 GC heap after
Heap after GC invocations=4 (full 1):
 PSYoungGen      total 66560K, used 0K [0x00000000d8300000, 0x00000000e0500000, 0x0000000100000000)
  eden space 61440K, 0% used [0x00000000d8300000,0x00000000d8300000,0x00000000dbf00000)
  from space 5120K, 0% used [0x00000000dbf00000,0x00000000dbf00000,0x00000000dc400000)
  to   space 5120K, 0% used [0x00000000e0000000,0x00000000e0000000,0x00000000e0500000)
 ParOldGen       total 48128K, used 5458K [0x0000000088800000, 0x000000008b700000, 0x00000000d8300000)
  object space 48128K, 11% used [0x0000000088800000,0x0000000088d54b58,0x000000008b700000)
 Metaspace       used 19588K, capacity 21098K, committed 21296K, reserved 1067008K
  class space    used 2694K, capacity 2864K, committed 2944K, reserved 1048576K
}
Event: 2.161 GC heap before
{Heap before GC invocations=5 (full 1):
 PSYoungGen      total 66560K, used 61440K [0x00000000d8300000, 0x00000000e0500000, 0x0000000100000000)
  eden space 61440K, 100% used [0x00000000d8300000,0x00000000dbf00000,0x00000000dbf00000)
  from space 5120K, 0% used [0x00000000dbf00000,0x00000000dbf00000,0x00000000dc400000)
  to   space 5120K, 0% used [0x00000000e0000000,0x00000000e0000000,0x00000000e0500000)
 ParOldGen       total 48128K, used 5458K [0x0000000088800000, 0x000000008b700000, 0x00000000d8300000)
  object space 48128K, 11% used [0x0000000088800000,0x0000000088d54b58,0x000000008b700000)
 Metaspace       used 29484K, capacity 33768K, committed 33920K, reserved 1079296K
  class space    used 4219K, capacity 4660K, committed 4736K, reserved 1048576K
Event: 2.173 GC heap after
Heap after GC invocations=5 (full 1):
 PSYoungGen      total 110080K, used 5100K [0x00000000d8300000, 0x00000000e0500000, 0x0000000100000000)
  eden space 104960K, 0% used [0x00000000d8300000,0x00000000d8300000,0x00000000de980000)
  from space 5120K, 99% used [0x00000000e0000000,0x00000000e04fb288,0x00000000e0500000)
  to   space 5120K, 0% used [0x00000000dfb00000,0x00000000dfb00000,0x00000000e0000000)
 ParOldGen       total 48128K, used 8363K [0x0000000088800000, 0x000000008b700000, 0x00000000d8300000)
  object space 48128K, 17% used [0x0000000088800000,0x000000008902ad98,0x000000008b700000)
 Metaspace       used 29484K, capacity 33768K, committed 33920K, reserved 1079296K
  class space    used 4219K, capacity 4660K, committed 4736K, reserved 1048576K
}
Event: 2.307 GC heap before
{Heap before GC invocations=6 (full 1):
 PSYoungGen      total 110080K, used 19199K [0x00000000d8300000, 0x00000000e0500000, 0x0000000100000000)
  eden space 104960K, 13% used [0x00000000d8300000,0x00000000d90c49b0,0x00000000de980000)
  from space 5120K, 99% used [0x00000000e0000000,0x00000000e04fb288,0x00000000e0500000)
  to   space 5120K, 0% used [0x00000000dfb00000,0x00000000dfb00000,0x00000000e0000000)
 ParOldGen       total 48128K, used 8363K [0x0000000088800000, 0x000000008b700000, 0x00000000d8300000)
  object space 48128K, 17% used [0x0000000088800000,0x000000008902ad98,0x000000008b700000)
 Metaspace       used 31065K, capacity 35336K, committed 35496K, reserved 1079296K
  class space    used 4424K, capacity 4840K, committed 4864K, reserved 1048576K
Event: 2.315 GC heap after
Heap after GC invocations=6 (full 1):
 PSYoungGen      total 128000K, used 4175K [0x00000000d8300000, 0x00000000e4980000, 0x0000000100000000)
  eden space 122880K, 0% used [0x00000000d8300000,0x00000000d8300000,0x00000000dfb00000)
  from space 5120K, 81% used [0x00000000dfb00000,0x00000000dff13eb8,0x00000000e0000000)
  to   space 9728K, 0% used [0x00000000e4000000,0x00000000e4000000,0x00000000e4980000)
 ParOldGen       total 48128K, used 8371K [0x0000000088800000, 0x000000008b700000, 0x00000000d8300000)
  object space 48128K, 17% used [0x0000000088800000,0x000000008902cd98,0x000000008b700000)
 Metaspace       used 31065K, capacity 35336K, committed 35496K, reserved 1079296K
  class space    used 4424K, capacity 4840K, committed 4864K, reserved 1048576K
}
Event: 2.315 GC heap before
{Heap before GC invocations=7 (full 2):
 PSYoungGen      total 128000K, used 4175K [0x00000000d8300000, 0x00000000e4980000, 0x0000000100000000)
  eden space 122880K, 0% used [0x00000000d8300000,0x00000000d8300000,0x00000000dfb00000)
  from space 5120K, 81% used [0x00000000dfb00000,0x00000000dff13eb8,0x00000000e0000000)
  to   space 9728K, 0% used [0x00000000e4000000,0x00000000e4000000,0x00000000e4980000)
 ParOldGen       total 48128K, used 8371K [0x0000000088800000, 0x000000008b700000, 0x00000000d8300000)
  object space 48128K, 17% used [0x0000000088800000,0x000000008902cd98,0x000000008b700000)
 Metaspace       used 31065K, capacity 35336K, committed 35496K, reserved 1079296K
  class space    used 4424K, capacity 4840K, committed 4864K, reserved 1048576K
Event: 2.332 GC heap after
Heap after GC invocations=7 (full 2):
 PSYoungGen      total 128000K, used 0K [0x00000000d8300000, 0x00000000e4980000, 0x0000000100000000)
  eden space 122880K, 0% used [0x00000000d8300000,0x00000000d8300000,0x00000000dfb00000)
  from space 5120K, 0% used [0x00000000dfb00000,0x00000000dfb00000,0x00000000e0000000)
  to   space 9728K, 0% used [0x00000000e4000000,0x00000000e4000000,0x00000000e4980000)
 ParOldGen       total 65024K, used 8542K [0x0000000088800000, 0x000000008c780000, 0x00000000d8300000)
  object space 65024K, 13% used [0x0000000088800000,0x00000000890579f0,0x000000008c780000)
 Metaspace       used 30866K, capacity 34838K, committed 35496K, reserved 1079296K
  class space    used 4368K, capacity 4757K, committed 4864K, reserved 1048576K
}

